<component name="libraryTable">
  <library name="Junit">
    <CLASSES>
      <root url="file://$PROJECT_DIR$/../../../../../Program Files/Junit" />
    </CLASSES>
    <JAVADOC />
    <SOURCES />
    <jarDirectory url="file://$PROJECT_DIR$/../../../../../Program Files/Junit" recursive="false" />
  </library>
</component>